INFO [2023-09-20 12:07:02] $x
INFO [2023-09-20 12:07:02] list(`C0/C29 up` = c0c29_up, `C0/C29 down` = c0c29_down, `V0/V29 up` = v0v29_up, 
INFO [2023-09-20 12:07:02]     `V0/V29 down` = v0v29_down)
INFO [2023-09-20 12:07:02] 
INFO [2023-09-20 12:07:02] $filename
INFO [2023-09-20 12:07:02] NULL
INFO [2023-09-20 12:07:02] 
INFO [2023-09-20 12:07:02] $col
INFO [2023-09-20 12:07:02] [1] "transparent"
INFO [2023-09-20 12:07:02] 
INFO [2023-09-20 12:07:02] $fill
INFO [2023-09-20 12:07:02] c("#ca0020", "#0571b0", "#f4a582", "#92c5de")
INFO [2023-09-20 12:07:02] 
INFO [2023-09-20 12:07:02] $alpha
INFO [2023-09-20 12:07:02] [1] 0.5
INFO [2023-09-20 12:07:02] 
INFO [2023-09-20 12:07:02] $label.col
INFO [2023-09-20 12:07:02] c("red3", "white", "cornflowerblue", "black", "white", "white", 
INFO [2023-09-20 12:07:02]     "white", "black", "darkred", "grey25", "white", "white", 
INFO [2023-09-20 12:07:02]     "grey25", "darkblue", "white")
INFO [2023-09-20 12:07:02] 
INFO [2023-09-20 12:07:02] $cex
INFO [2023-09-20 12:07:02] [1] 3.5
INFO [2023-09-20 12:07:02] 
INFO [2023-09-20 12:07:02] $fontfamily
INFO [2023-09-20 12:07:02] [1] "sans"
INFO [2023-09-20 12:07:02] 
INFO [2023-09-20 12:07:02] $fontface
INFO [2023-09-20 12:07:02] [1] "bold"
INFO [2023-09-20 12:07:02] 
INFO [2023-09-20 12:07:02] $cat.default.pos
INFO [2023-09-20 12:07:02] [1] "text"
INFO [2023-09-20 12:07:02] 
INFO [2023-09-20 12:07:02] $cat.col
INFO [2023-09-20 12:07:02] c("darkred", "darkblue", "red3", "cornflowerblue")
INFO [2023-09-20 12:07:02] 
INFO [2023-09-20 12:07:02] $cat.cex
INFO [2023-09-20 12:07:02] [1] 3.5
INFO [2023-09-20 12:07:02] 
INFO [2023-09-20 12:07:02] $cat.fontfamily
INFO [2023-09-20 12:07:02] [1] "sans"
INFO [2023-09-20 12:07:02] 
INFO [2023-09-20 12:07:02] $cat.just
INFO [2023-09-20 12:07:02] list(c(0, 0.5), c(0.75, 0.5), c(0.5, 0.5), c(0.5, 0.5))
INFO [2023-09-20 12:07:02] 
