INFO [2023-08-24 09:43:24] $x
INFO [2023-08-24 09:43:24] pairwise
INFO [2023-08-24 09:43:24] 
INFO [2023-08-24 09:43:24] $filename
INFO [2023-08-24 09:43:24] NULL
INFO [2023-08-24 09:43:24] 
INFO [2023-08-24 09:43:24] $col
INFO [2023-08-24 09:43:24] [1] "transparent"
INFO [2023-08-24 09:43:24] 
INFO [2023-08-24 09:43:24] $fill
INFO [2023-08-24 09:43:24] c("#01665e", "#5ab4ac", "#8c510a", "#f6e8c3")
INFO [2023-08-24 09:43:24] 
INFO [2023-08-24 09:43:24] $alpha
INFO [2023-08-24 09:43:24] [1] 0.5
INFO [2023-08-24 09:43:24] 
INFO [2023-08-24 09:43:24] $label.col
INFO [2023-08-24 09:43:24] c("#8c510a", "white", "#dfc27d", "white", "white", "black", "white", 
INFO [2023-08-24 09:43:24]     "white", "#01665e", "white", "white", "white", "white", "#35978f", 
INFO [2023-08-24 09:43:24]     "white")
INFO [2023-08-24 09:43:24] 
INFO [2023-08-24 09:43:24] $cex
INFO [2023-08-24 09:43:24] [1] 3.5
INFO [2023-08-24 09:43:24] 
INFO [2023-08-24 09:43:24] $fontfamily
INFO [2023-08-24 09:43:24] [1] "sans"
INFO [2023-08-24 09:43:24] 
INFO [2023-08-24 09:43:24] $fontface
INFO [2023-08-24 09:43:24] [1] "bold"
INFO [2023-08-24 09:43:24] 
INFO [2023-08-24 09:43:24] $cat.default.pos
INFO [2023-08-24 09:43:24] [1] "text"
INFO [2023-08-24 09:43:24] 
INFO [2023-08-24 09:43:24] $cat.col
INFO [2023-08-24 09:43:24] c("#01665e", "#35978f", "#8c510a", "#dfc27d")
INFO [2023-08-24 09:43:24] 
INFO [2023-08-24 09:43:24] $cat.cex
INFO [2023-08-24 09:43:24] [1] 3.5
INFO [2023-08-24 09:43:24] 
INFO [2023-08-24 09:43:24] $cat.fontfamily
INFO [2023-08-24 09:43:24] [1] "sans"
INFO [2023-08-24 09:43:24] 
INFO [2023-08-24 09:43:24] $cat.just
INFO [2023-08-24 09:43:24] list(c(0, 0.5), c(0.75, 0.5), c(0.5, 0.5), c(0.5, 0.5))
INFO [2023-08-24 09:43:24] 
