INFO [2023-08-24 10:58:43] $x
INFO [2023-08-24 10:58:43] pairwise
INFO [2023-08-24 10:58:43] 
INFO [2023-08-24 10:58:43] $filename
INFO [2023-08-24 10:58:43] NULL
INFO [2023-08-24 10:58:43] 
INFO [2023-08-24 10:58:43] $col
INFO [2023-08-24 10:58:43] [1] "transparent"
INFO [2023-08-24 10:58:43] 
INFO [2023-08-24 10:58:43] $fill
INFO [2023-08-24 10:58:43] c("#01665e", "#5ab4ac", "#8c510a", "#f6e8c3")
INFO [2023-08-24 10:58:43] 
INFO [2023-08-24 10:58:43] $alpha
INFO [2023-08-24 10:58:43] [1] 0.5
INFO [2023-08-24 10:58:43] 
INFO [2023-08-24 10:58:43] $label.col
INFO [2023-08-24 10:58:43] c("#8c510a", "white", "#dfc27d", "white", "white", "black", "white", 
INFO [2023-08-24 10:58:43]     "white", "#01665e", "white", "white", "white", "white", "#35978f", 
INFO [2023-08-24 10:58:43]     "white")
INFO [2023-08-24 10:58:43] 
INFO [2023-08-24 10:58:43] $cex
INFO [2023-08-24 10:58:43] [1] 3.5
INFO [2023-08-24 10:58:43] 
INFO [2023-08-24 10:58:43] $fontfamily
INFO [2023-08-24 10:58:43] [1] "sans"
INFO [2023-08-24 10:58:43] 
INFO [2023-08-24 10:58:43] $fontface
INFO [2023-08-24 10:58:43] [1] "bold"
INFO [2023-08-24 10:58:43] 
INFO [2023-08-24 10:58:43] $cat.default.pos
INFO [2023-08-24 10:58:43] [1] "text"
INFO [2023-08-24 10:58:43] 
INFO [2023-08-24 10:58:43] $cat.col
INFO [2023-08-24 10:58:43] c("#01665e", "#35978f", "#8c510a", "#dfc27d")
INFO [2023-08-24 10:58:43] 
INFO [2023-08-24 10:58:43] $cat.cex
INFO [2023-08-24 10:58:43] [1] 3.5
INFO [2023-08-24 10:58:43] 
INFO [2023-08-24 10:58:43] $cat.fontfamily
INFO [2023-08-24 10:58:43] [1] "sans"
INFO [2023-08-24 10:58:43] 
INFO [2023-08-24 10:58:43] $cat.just
INFO [2023-08-24 10:58:43] list(c(0, 0.5), c(0.75, 0.5), c(0.5, 0.5), c(0.5, 0.5))
INFO [2023-08-24 10:58:43] 
