INFO [2023-09-20 11:47:04] $x
INFO [2023-09-20 11:47:04] list(`V0/C0 up` = v0c0_up, `V0/C0 down` = v0c0_down, `V29/C29 up` = v29c29_up, 
INFO [2023-09-20 11:47:04]     `V29/C29 down` = v29c29_down)
INFO [2023-09-20 11:47:04] 
INFO [2023-09-20 11:47:04] $filename
INFO [2023-09-20 11:47:04] NULL
INFO [2023-09-20 11:47:04] 
INFO [2023-09-20 11:47:04] $col
INFO [2023-09-20 11:47:04] [1] "transparent"
INFO [2023-09-20 11:47:04] 
INFO [2023-09-20 11:47:04] $fill
INFO [2023-09-20 11:47:04] c("#ca0020", "#0571b0", "#f4a582", "#92c5de")
INFO [2023-09-20 11:47:04] 
INFO [2023-09-20 11:47:04] $alpha
INFO [2023-09-20 11:47:04] [1] 0.5
INFO [2023-09-20 11:47:04] 
INFO [2023-09-20 11:47:04] $label.col
INFO [2023-09-20 11:47:04] c("red3", "white", "cornflowerblue", "black", "white", "white", 
INFO [2023-09-20 11:47:04]     "white", "black", "darkred", "grey25", "white", "white", 
INFO [2023-09-20 11:47:04]     "grey25", "darkblue", "white")
INFO [2023-09-20 11:47:04] 
INFO [2023-09-20 11:47:04] $cex
INFO [2023-09-20 11:47:04] [1] 3.5
INFO [2023-09-20 11:47:04] 
INFO [2023-09-20 11:47:04] $fontfamily
INFO [2023-09-20 11:47:04] [1] "sans"
INFO [2023-09-20 11:47:04] 
INFO [2023-09-20 11:47:04] $fontface
INFO [2023-09-20 11:47:04] [1] "bold"
INFO [2023-09-20 11:47:04] 
INFO [2023-09-20 11:47:04] $cat.default.pos
INFO [2023-09-20 11:47:04] [1] "text"
INFO [2023-09-20 11:47:04] 
INFO [2023-09-20 11:47:04] $cat.col
INFO [2023-09-20 11:47:04] c("darkred", "darkblue", "red3", "cornflowerblue")
INFO [2023-09-20 11:47:04] 
INFO [2023-09-20 11:47:04] $cat.cex
INFO [2023-09-20 11:47:04] [1] 3.5
INFO [2023-09-20 11:47:04] 
INFO [2023-09-20 11:47:04] $cat.fontfamily
INFO [2023-09-20 11:47:04] [1] "sans"
INFO [2023-09-20 11:47:04] 
INFO [2023-09-20 11:47:04] $cat.just
INFO [2023-09-20 11:47:04] list(c(0, 0.5), c(0.75, 0.5), c(0.5, 0.5), c(0.5, 0.5))
INFO [2023-09-20 11:47:04] 
