INFO [2023-11-24 15:31:45] $x
INFO [2023-11-24 15:31:45] pairwise
INFO [2023-11-24 15:31:45] 
INFO [2023-11-24 15:31:45] $filename
INFO [2023-11-24 15:31:45] NULL
INFO [2023-11-24 15:31:45] 
INFO [2023-11-24 15:31:45] $col
INFO [2023-11-24 15:31:45] [1] "transparent"
INFO [2023-11-24 15:31:45] 
INFO [2023-11-24 15:31:45] $fill
INFO [2023-11-24 15:31:45] c("#ca0020", "#0571b0", "#f4a582", "#92c5de")
INFO [2023-11-24 15:31:45] 
INFO [2023-11-24 15:31:45] $alpha
INFO [2023-11-24 15:31:45] [1] 0.5
INFO [2023-11-24 15:31:45] 
INFO [2023-11-24 15:31:45] $label.col
INFO [2023-11-24 15:31:45] c("red3", "white", "cornflowerblue", "black", "white", "white", 
INFO [2023-11-24 15:31:45]     "white", "black", "darkred", "black", "white", "white", "black", 
INFO [2023-11-24 15:31:45]     "darkblue", "white")
INFO [2023-11-24 15:31:45] 
INFO [2023-11-24 15:31:45] $cex
INFO [2023-11-24 15:31:45] [1] 3.5
INFO [2023-11-24 15:31:45] 
INFO [2023-11-24 15:31:45] $fontfamily
INFO [2023-11-24 15:31:45] [1] "sans"
INFO [2023-11-24 15:31:45] 
INFO [2023-11-24 15:31:45] $fontface
INFO [2023-11-24 15:31:45] [1] "bold"
INFO [2023-11-24 15:31:45] 
INFO [2023-11-24 15:31:45] $cat.default.pos
INFO [2023-11-24 15:31:45] [1] "text"
INFO [2023-11-24 15:31:45] 
INFO [2023-11-24 15:31:45] $cat.col
INFO [2023-11-24 15:31:45] c("darkred", "darkblue", "red3", "cornflowerblue")
INFO [2023-11-24 15:31:45] 
INFO [2023-11-24 15:31:45] $cat.cex
INFO [2023-11-24 15:31:45] [1] 3.5
INFO [2023-11-24 15:31:45] 
INFO [2023-11-24 15:31:45] $cat.fontfamily
INFO [2023-11-24 15:31:45] [1] "sans"
INFO [2023-11-24 15:31:45] 
INFO [2023-11-24 15:31:45] $cat.just
INFO [2023-11-24 15:31:45] list(c(0, 0.5), c(0.75, 0.5), c(0.5, 0.5), c(0.5, 0.5))
INFO [2023-11-24 15:31:45] 
