[2023-06-01 12:43:56,884] multiqc                                            [DEBUG  ]  This is MultiQC v1.14
[2023-06-01 12:43:56,884] multiqc                                            [DEBUG  ]  Command used: /nethome/and128/.local/bin/multiqc .
[2023-06-01 12:44:00,217] multiqc                                            [DEBUG  ]  Latest MultiQC version is v1.14
[2023-06-01 12:44:00,218] multiqc                                            [DEBUG  ]  Working dir : /scratch/projects/and_transcriptomics/Allyson_stresshardening_RNAseq
[2023-06-01 12:44:00,218] multiqc                                            [DEBUG  ]  Template    : default
[2023-06-01 12:44:00,218] multiqc                                            [DEBUG  ]  Running Python 3.8.7 (default, Feb 10 2021, 17:37:18)  [GCC 8.3.0]
[2023-06-01 12:44:00,220] multiqc                                            [DEBUG  ]  Analysing modules: custom_content, ccs, ngsderive, purple, conpair, lima, peddy, somalier, methylQA, mosdepth, phantompeakqualtools, qualimap, preseq, hifiasm, quast, qorts, rna_seqc, rockhopper, rsem, rseqc, busco, bustools, goleft_indexcov, gffcompare, disambiguate, supernova, deeptools, sargasso, verifybamid, mirtrace, happy, mirtop, sambamba, gopeaks, homer, hops, macs2, theta2, snpeff, gatk, htseq, bcftools, featureCounts, fgbio, dragen, dragen_fastqc, dedup, pbmarkdup, damageprofiler, biobambam2, jcvi, mtnucratio, picard, vep, sentieon, prokka, qc3C, nanostat, samblaster, samtools, sexdeterrmine, eigenstratdatabasetools, bamtools, jellyfish, vcftools, longranger, stacks, varscan2, snippy, umitools, bbmap, bismark, biscuit, diamond, hicexplorer, hicup, hicpro, salmon, kallisto, slamdunk, star, hisat2, tophat, bowtie2, bowtie1, cellranger, snpsplit, odgi, pangolin, nextclade, humid, kat, leehom, adapterRemoval, bbduk, clipandmerge, cutadapt, flexbar, kaiju, kraken, malt, motus, trimmomatic, sickle, skewer, sortmerna, biobloomtools, fastq_screen, afterqc, fastp, fastqc, filtlong, prinseqplusplus, pychopper, porechop, pycoqc, minionqc, anglerfish, multivcfanalyzer, clusterflow, checkqc, bcl2fastq, bclconvert, interop, ivar, flash, seqyclean, optitype, whatshap
[2023-06-01 12:44:00,220] multiqc                                            [DEBUG  ]  Using temporary directory for creating report: /tmp/tmphmwileyt
[2023-06-01 12:44:05,261] multiqc                                            [INFO   ]  Search path : /scratch/projects/and_transcriptomics/Allyson_stresshardening_RNAseq
[2023-06-01 12:44:37,589] multiqc                                            [DEBUG  ]  Summary of files that were skipped by the search: [skipped_no_match: 1539] // [skipped_module_specific_max_filesize: 491] // [skipped_ignore_pattern: 96]
[2023-06-01 12:45:00,022] multiqc.plots.bargraph                             [DEBUG  ]  Using matplotlib version 3.3.4
[2023-06-01 12:45:00,459] multiqc.plots.linegraph                            [DEBUG  ]  Using matplotlib version 3.3.4
[2023-06-01 12:45:00,748] multiqc                                            [DEBUG  ]  No samples found: custom_content
[2023-06-01 12:45:03,723] multiqc.modules.fastqc.fastqc                      [DEBUG  ]  Skipping 'Acer-005_S23_L001_R1_001_fastqc.zip' as already parsed 'Acer-005_S23_L001_R1_001'
[2023-06-01 12:45:03,724] multiqc.modules.fastqc.fastqc                      [DEBUG  ]  Skipping 'Acer-009_S24_L001_R1_001_fastqc.zip' as already parsed 'Acer-009_S24_L001_R1_001'
[2023-06-01 12:45:03,724] multiqc.modules.fastqc.fastqc                      [DEBUG  ]  Skipping 'Acer-019_S25_L001_R1_001_fastqc.zip' as already parsed 'Acer-019_S25_L001_R1_001'
[2023-06-01 12:45:03,724] multiqc.modules.fastqc.fastqc                      [DEBUG  ]  Skipping 'Acer-021_S26_L001_R1_001_fastqc.zip' as already parsed 'Acer-021_S26_L001_R1_001'
[2023-06-01 12:45:03,725] multiqc.modules.fastqc.fastqc                      [DEBUG  ]  Skipping 'Acer-022_S27_L001_R1_001_fastqc.zip' as already parsed 'Acer-022_S27_L001_R1_001'
[2023-06-01 12:45:03,725] multiqc.modules.fastqc.fastqc                      [DEBUG  ]  Skipping 'Acer-029_S28_L001_R1_001_fastqc.zip' as already parsed 'Acer-029_S28_L001_R1_001'
[2023-06-01 12:45:03,725] multiqc.modules.fastqc.fastqc                      [DEBUG  ]  Skipping 'Acer-030_S29_L001_R1_001_fastqc.zip' as already parsed 'Acer-030_S29_L001_R1_001'
[2023-06-01 12:45:03,725] multiqc.modules.fastqc.fastqc                      [DEBUG  ]  Skipping 'Acer-034_S30_L001_R1_001_fastqc.zip' as already parsed 'Acer-034_S30_L001_R1_001'
[2023-06-01 12:45:03,726] multiqc.modules.fastqc.fastqc                      [DEBUG  ]  Skipping 'Acer-038_S31_L001_R1_001_fastqc.zip' as already parsed 'Acer-038_S31_L001_R1_001'
[2023-06-01 12:45:03,726] multiqc.modules.fastqc.fastqc                      [DEBUG  ]  Skipping 'Acer-041_S32_L001_R1_001_fastqc.zip' as already parsed 'Acer-041_S32_L001_R1_001'
[2023-06-01 12:45:03,726] multiqc.modules.fastqc.fastqc                      [DEBUG  ]  Skipping 'Acer-042_S33_L001_R1_001_fastqc.zip' as already parsed 'Acer-042_S33_L001_R1_001'
[2023-06-01 12:45:03,727] multiqc.modules.fastqc.fastqc                      [DEBUG  ]  Skipping 'Acer-043_S34_L001_R1_001_fastqc.zip' as already parsed 'Acer-043_S34_L001_R1_001'
[2023-06-01 12:45:03,727] multiqc.modules.fastqc.fastqc                      [DEBUG  ]  Skipping 'Acer-045_S35_L001_R1_001_fastqc.zip' as already parsed 'Acer-045_S35_L001_R1_001'
[2023-06-01 12:45:03,727] multiqc.modules.fastqc.fastqc                      [DEBUG  ]  Skipping 'Acer-055_S36_L001_R1_001_fastqc.zip' as already parsed 'Acer-055_S36_L001_R1_001'
[2023-06-01 12:45:03,727] multiqc.modules.fastqc.fastqc                      [DEBUG  ]  Skipping 'Acer-056_S37_L001_R1_001_fastqc.zip' as already parsed 'Acer-056_S37_L001_R1_001'
[2023-06-01 12:45:03,728] multiqc.modules.fastqc.fastqc                      [DEBUG  ]  Skipping 'Acer-057_S38_L001_R1_001_fastqc.zip' as already parsed 'Acer-057_S38_L001_R1_001'
[2023-06-01 12:45:03,728] multiqc.modules.fastqc.fastqc                      [DEBUG  ]  Skipping 'Acer-059_S39_L001_R1_001_fastqc.zip' as already parsed 'Acer-059_S39_L001_R1_001'
[2023-06-01 12:45:03,728] multiqc.modules.fastqc.fastqc                      [DEBUG  ]  Skipping 'Acer-063_S40_L001_R1_001_fastqc.zip' as already parsed 'Acer-063_S40_L001_R1_001'
[2023-06-01 12:45:03,728] multiqc.modules.fastqc.fastqc                      [DEBUG  ]  Skipping 'Acer-064_S41_L001_R1_001_fastqc.zip' as already parsed 'Acer-064_S41_L001_R1_001'
[2023-06-01 12:45:03,729] multiqc.modules.fastqc.fastqc                      [DEBUG  ]  Skipping 'Acer-068_S42_L001_R1_001_fastqc.zip' as already parsed 'Acer-068_S42_L001_R1_001'
[2023-06-01 12:45:03,729] multiqc.modules.fastqc.fastqc                      [DEBUG  ]  Skipping 'Acer-069_S43_L001_R1_001_fastqc.zip' as already parsed 'Acer-069_S43_L001_R1_001'
[2023-06-01 12:45:03,729] multiqc.modules.fastqc.fastqc                      [DEBUG  ]  Skipping 'Acer-072_S44_L001_R1_001_fastqc.zip' as already parsed 'Acer-072_S44_L001_R1_001'
[2023-06-01 12:45:03,730] multiqc.modules.fastqc.fastqc                      [DEBUG  ]  Skipping 'Acer-074_S45_L001_R1_001_fastqc.zip' as already parsed 'Acer-074_S45_L001_R1_001'
[2023-06-01 12:45:03,730] multiqc.modules.fastqc.fastqc                      [DEBUG  ]  Skipping 'Acer-078_S46_L001_R1_001_fastqc.zip' as already parsed 'Acer-078_S46_L001_R1_001'
[2023-06-01 12:45:03,730] multiqc.modules.fastqc.fastqc                      [DEBUG  ]  Skipping 'Acer-079_S47_L001_R1_001_fastqc.zip' as already parsed 'Acer-079_S47_L001_R1_001'
[2023-06-01 12:45:03,730] multiqc.modules.fastqc.fastqc                      [DEBUG  ]  Skipping 'Acer-082_S48_L001_R1_001_fastqc.zip' as already parsed 'Acer-082_S48_L001_R1_001'
[2023-06-01 12:45:03,731] multiqc.modules.fastqc.fastqc                      [DEBUG  ]  Skipping 'Acer-083_S49_L001_R1_001_fastqc.zip' as already parsed 'Acer-083_S49_L001_R1_001'
[2023-06-01 12:45:03,731] multiqc.modules.fastqc.fastqc                      [DEBUG  ]  Skipping 'Acer-089_S50_L001_R1_001_fastqc.zip' as already parsed 'Acer-089_S50_L001_R1_001'
[2023-06-01 12:45:03,731] multiqc.modules.fastqc.fastqc                      [DEBUG  ]  Skipping 'Acer-091_S51_L001_R1_001_fastqc.zip' as already parsed 'Acer-091_S51_L001_R1_001'
[2023-06-01 12:45:03,731] multiqc.modules.fastqc.fastqc                      [DEBUG  ]  Skipping 'Acer-094_S52_L001_R1_001_fastqc.zip' as already parsed 'Acer-094_S52_L001_R1_001'
[2023-06-01 12:45:03,732] multiqc.modules.fastqc.fastqc                      [DEBUG  ]  Skipping 'Acer-095_S53_L001_R1_001_fastqc.zip' as already parsed 'Acer-095_S53_L001_R1_001'
[2023-06-01 12:45:03,732] multiqc.modules.fastqc.fastqc                      [DEBUG  ]  Skipping 'Acer-096_S54_L001_R1_001_fastqc.zip' as already parsed 'Acer-096_S54_L001_R1_001'
[2023-06-01 12:45:03,732] multiqc.modules.fastqc.fastqc                      [DEBUG  ]  Skipping 'Acer-097_S55_L001_R1_001_fastqc.zip' as already parsed 'Acer-097_S55_L001_R1_001'
[2023-06-01 12:45:03,733] multiqc.modules.fastqc.fastqc                      [DEBUG  ]  Skipping 'Acer-102_S56_L001_R1_001_fastqc.zip' as already parsed 'Acer-102_S56_L001_R1_001'
[2023-06-01 12:45:03,733] multiqc.modules.fastqc.fastqc                      [DEBUG  ]  Skipping 'Acer-106_S57_L001_R1_001_fastqc.zip' as already parsed 'Acer-106_S57_L001_R1_001'
[2023-06-01 12:45:03,733] multiqc.modules.fastqc.fastqc                      [DEBUG  ]  Skipping 'Acer-108_S58_L001_R1_001_fastqc.zip' as already parsed 'Acer-108_S58_L001_R1_001'
[2023-06-01 12:45:03,733] multiqc.modules.fastqc.fastqc                      [DEBUG  ]  Skipping 'Acer-110_S59_L001_R1_001_fastqc.zip' as already parsed 'Acer-110_S59_L001_R1_001'
[2023-06-01 12:45:03,734] multiqc.modules.fastqc.fastqc                      [DEBUG  ]  Skipping 'ACER-112_S69_L001_R1_001_fastqc.zip' as already parsed 'ACER-112_S69_L001_R1_001'
[2023-06-01 12:45:03,734] multiqc.modules.fastqc.fastqc                      [DEBUG  ]  Skipping 'Acer-113_S60_L001_R1_001_fastqc.zip' as already parsed 'Acer-113_S60_L001_R1_001'
[2023-06-01 12:45:03,734] multiqc.modules.fastqc.fastqc                      [DEBUG  ]  Skipping 'Acer-114_S61_L001_R1_001_fastqc.zip' as already parsed 'Acer-114_S61_L001_R1_001'
[2023-06-01 12:45:03,734] multiqc.modules.fastqc.fastqc                      [DEBUG  ]  Skipping 'Acer-123_S62_L001_R1_001_fastqc.zip' as already parsed 'Acer-123_S62_L001_R1_001'
[2023-06-01 12:45:03,735] multiqc.modules.fastqc.fastqc                      [DEBUG  ]  Skipping 'ACER-124_S70_L001_R1_001_fastqc.zip' as already parsed 'ACER-124_S70_L001_R1_001'
[2023-06-01 12:45:03,735] multiqc.modules.fastqc.fastqc                      [DEBUG  ]  Skipping 'Acer-137_S63_L001_R1_001_fastqc.zip' as already parsed 'Acer-137_S63_L001_R1_001'
[2023-06-01 12:45:03,735] multiqc.modules.fastqc.fastqc                      [DEBUG  ]  Skipping 'Acer-139_S64_L001_R1_001_fastqc.zip' as already parsed 'Acer-139_S64_L001_R1_001'
[2023-06-01 12:45:03,735] multiqc.modules.fastqc.fastqc                      [DEBUG  ]  Skipping 'Acer-141_S65_L001_R1_001_fastqc.zip' as already parsed 'Acer-141_S65_L001_R1_001'
[2023-06-01 12:45:03,736] multiqc.modules.fastqc.fastqc                      [DEBUG  ]  Skipping 'Acer-143_S66_L001_R1_001_fastqc.zip' as already parsed 'Acer-143_S66_L001_R1_001'
[2023-06-01 12:45:03,736] multiqc.modules.fastqc.fastqc                      [DEBUG  ]  Skipping 'Acer-146_S67_L001_R1_001_fastqc.zip' as already parsed 'Acer-146_S67_L001_R1_001'
[2023-06-01 12:45:03,736] multiqc.modules.fastqc.fastqc                      [DEBUG  ]  Skipping 'Acer-150_S68_L001_R1_001_fastqc.zip' as already parsed 'Acer-150_S68_L001_R1_001'
[2023-06-01 12:45:03,737] multiqc.modules.fastqc.fastqc                      [DEBUG  ]  Skipping 'Pcli-003_S71_L001_R1_001_fastqc.zip' as already parsed 'Pcli-003_S71_L001_R1_001'
[2023-06-01 12:45:03,737] multiqc.modules.fastqc.fastqc                      [DEBUG  ]  Skipping 'Pcli-004_S72_L001_R1_001_fastqc.zip' as already parsed 'Pcli-004_S72_L001_R1_001'
[2023-06-01 12:45:03,737] multiqc.modules.fastqc.fastqc                      [DEBUG  ]  Skipping 'Pcli-006_S73_L001_R1_001_fastqc.zip' as already parsed 'Pcli-006_S73_L001_R1_001'
[2023-06-01 12:45:03,737] multiqc.modules.fastqc.fastqc                      [DEBUG  ]  Skipping 'Pcli-008_S74_L001_R1_001_fastqc.zip' as already parsed 'Pcli-008_S74_L001_R1_001'
[2023-06-01 12:45:03,738] multiqc.modules.fastqc.fastqc                      [DEBUG  ]  Skipping 'Pcli-011_S114_L001_R1_001_fastqc.zip' as already parsed 'Pcli-011_S114_L001_R1_001'
[2023-06-01 12:45:03,738] multiqc.modules.fastqc.fastqc                      [DEBUG  ]  Skipping 'Pcli-015_S75_L001_R1_001_fastqc.zip' as already parsed 'Pcli-015_S75_L001_R1_001'
[2023-06-01 12:45:03,738] multiqc.modules.fastqc.fastqc                      [DEBUG  ]  Skipping 'Pcli-018_S76_L001_R1_001_fastqc.zip' as already parsed 'Pcli-018_S76_L001_R1_001'
[2023-06-01 12:45:03,738] multiqc.modules.fastqc.fastqc                      [DEBUG  ]  Skipping 'Pcli-024_S77_L001_R1_001_fastqc.zip' as already parsed 'Pcli-024_S77_L001_R1_001'
[2023-06-01 12:45:03,739] multiqc.modules.fastqc.fastqc                      [DEBUG  ]  Skipping 'Pcli-026_S78_L001_R1_001_fastqc.zip' as already parsed 'Pcli-026_S78_L001_R1_001'
[2023-06-01 12:45:03,739] multiqc.modules.fastqc.fastqc                      [DEBUG  ]  Skipping 'Pcli-028_S79_L001_R1_001_fastqc.zip' as already parsed 'Pcli-028_S79_L001_R1_001'
[2023-06-01 12:45:03,739] multiqc.modules.fastqc.fastqc                      [DEBUG  ]  Skipping 'Pcli-029_S80_L001_R1_001_fastqc.zip' as already parsed 'Pcli-029_S80_L001_R1_001'
[2023-06-01 12:45:03,739] multiqc.modules.fastqc.fastqc                      [DEBUG  ]  Skipping 'Pcli-033_S81_L001_R1_001_fastqc.zip' as already parsed 'Pcli-033_S81_L001_R1_001'
[2023-06-01 12:45:03,740] multiqc.modules.fastqc.fastqc                      [DEBUG  ]  Skipping 'Pcli-038_S82_L001_R1_001_fastqc.zip' as already parsed 'Pcli-038_S82_L001_R1_001'
[2023-06-01 12:45:03,740] multiqc.modules.fastqc.fastqc                      [DEBUG  ]  Skipping 'Pcli-039_S83_L001_R1_001_fastqc.zip' as already parsed 'Pcli-039_S83_L001_R1_001'
[2023-06-01 12:45:03,740] multiqc.modules.fastqc.fastqc                      [DEBUG  ]  Skipping 'Pcli-040_S84_L001_R1_001_fastqc.zip' as already parsed 'Pcli-040_S84_L001_R1_001'
[2023-06-01 12:45:03,740] multiqc.modules.fastqc.fastqc                      [DEBUG  ]  Skipping 'Pcli-045_S85_L001_R1_001_fastqc.zip' as already parsed 'Pcli-045_S85_L001_R1_001'
[2023-06-01 12:45:03,741] multiqc.modules.fastqc.fastqc                      [DEBUG  ]  Skipping 'Pcli-049_S86_L001_R1_001_fastqc.zip' as already parsed 'Pcli-049_S86_L001_R1_001'
[2023-06-01 12:45:03,741] multiqc.modules.fastqc.fastqc                      [DEBUG  ]  Skipping 'Pcli-050_S87_L001_R1_001_fastqc.zip' as already parsed 'Pcli-050_S87_L001_R1_001'
[2023-06-01 12:45:03,741] multiqc.modules.fastqc.fastqc                      [DEBUG  ]  Skipping 'Pcli-052_S88_L001_R1_001_fastqc.zip' as already parsed 'Pcli-052_S88_L001_R1_001'
[2023-06-01 12:45:03,741] multiqc.modules.fastqc.fastqc                      [DEBUG  ]  Skipping 'Pcli-055_S89_L001_R1_001_fastqc.zip' as already parsed 'Pcli-055_S89_L001_R1_001'
[2023-06-01 12:45:03,742] multiqc.modules.fastqc.fastqc                      [DEBUG  ]  Skipping 'Pcli-058_S90_L001_R1_001_fastqc.zip' as already parsed 'Pcli-058_S90_L001_R1_001'
[2023-06-01 12:45:03,742] multiqc.modules.fastqc.fastqc                      [DEBUG  ]  Skipping 'Pcli-064_S91_L001_R1_001_fastqc.zip' as already parsed 'Pcli-064_S91_L001_R1_001'
[2023-06-01 12:45:03,742] multiqc.modules.fastqc.fastqc                      [DEBUG  ]  Skipping 'Pcli-066_S92_L001_R1_001_fastqc.zip' as already parsed 'Pcli-066_S92_L001_R1_001'
[2023-06-01 12:45:03,742] multiqc.modules.fastqc.fastqc                      [DEBUG  ]  Skipping 'Pcli-067_S93_L001_R1_001_fastqc.zip' as already parsed 'Pcli-067_S93_L001_R1_001'
[2023-06-01 12:45:03,743] multiqc.modules.fastqc.fastqc                      [DEBUG  ]  Skipping 'Pcli-069_S94_L001_R1_001_fastqc.zip' as already parsed 'Pcli-069_S94_L001_R1_001'
[2023-06-01 12:45:03,743] multiqc.modules.fastqc.fastqc                      [DEBUG  ]  Skipping 'Pcli-070_S95_L001_R1_001_fastqc.zip' as already parsed 'Pcli-070_S95_L001_R1_001'
[2023-06-01 12:45:03,743] multiqc.modules.fastqc.fastqc                      [DEBUG  ]  Skipping 'Pcli-075_S96_L001_R1_001_fastqc.zip' as already parsed 'Pcli-075_S96_L001_R1_001'
[2023-06-01 12:45:03,743] multiqc.modules.fastqc.fastqc                      [DEBUG  ]  Skipping 'Pcli-076_S97_L001_R1_001_fastqc.zip' as already parsed 'Pcli-076_S97_L001_R1_001'
[2023-06-01 12:45:03,744] multiqc.modules.fastqc.fastqc                      [DEBUG  ]  Skipping 'Pcli-077_S98_L001_R1_001_fastqc.zip' as already parsed 'Pcli-077_S98_L001_R1_001'
[2023-06-01 12:45:03,744] multiqc.modules.fastqc.fastqc                      [DEBUG  ]  Skipping 'Pcli-079_S99_L001_R1_001_fastqc.zip' as already parsed 'Pcli-079_S99_L001_R1_001'
[2023-06-01 12:45:03,744] multiqc.modules.fastqc.fastqc                      [DEBUG  ]  Skipping 'Pcli-091_S100_L001_R1_001_fastqc.zip' as already parsed 'Pcli-091_S100_L001_R1_001'
[2023-06-01 12:45:03,744] multiqc.modules.fastqc.fastqc                      [DEBUG  ]  Skipping 'Pcli-094_S101_L001_R1_001_fastqc.zip' as already parsed 'Pcli-094_S101_L001_R1_001'
[2023-06-01 12:45:03,745] multiqc.modules.fastqc.fastqc                      [DEBUG  ]  Skipping 'Pcli-096_S102_L001_R1_001_fastqc.zip' as already parsed 'Pcli-096_S102_L001_R1_001'
[2023-06-01 12:45:03,745] multiqc.modules.fastqc.fastqc                      [DEBUG  ]  Skipping 'Pcli-101_S103_L001_R1_001_fastqc.zip' as already parsed 'Pcli-101_S103_L001_R1_001'
[2023-06-01 12:45:03,745] multiqc.modules.fastqc.fastqc                      [DEBUG  ]  Skipping 'Pcli-103_S104_L001_R1_001_fastqc.zip' as already parsed 'Pcli-103_S104_L001_R1_001'
[2023-06-01 12:45:03,746] multiqc.modules.fastqc.fastqc                      [DEBUG  ]  Skipping 'Pcli-105_S105_L001_R1_001_fastqc.zip' as already parsed 'Pcli-105_S105_L001_R1_001'
[2023-06-01 12:45:03,746] multiqc.modules.fastqc.fastqc                      [DEBUG  ]  Skipping 'Pcli-109_S106_L001_R1_001_fastqc.zip' as already parsed 'Pcli-109_S106_L001_R1_001'
[2023-06-01 12:45:03,746] multiqc.modules.fastqc.fastqc                      [DEBUG  ]  Skipping 'Pcli-111_S107_L001_R1_001_fastqc.zip' as already parsed 'Pcli-111_S107_L001_R1_001'
[2023-06-01 12:45:03,746] multiqc.modules.fastqc.fastqc                      [DEBUG  ]  Skipping 'Pcli-114_S108_L001_R1_001_fastqc.zip' as already parsed 'Pcli-114_S108_L001_R1_001'
[2023-06-01 12:45:03,747] multiqc.modules.fastqc.fastqc                      [DEBUG  ]  Skipping 'Pcli-115_S109_L001_R1_001_fastqc.zip' as already parsed 'Pcli-115_S109_L001_R1_001'
[2023-06-01 12:45:03,747] multiqc.modules.fastqc.fastqc                      [DEBUG  ]  Skipping 'Pcli-120_S110_L001_R1_001_fastqc.zip' as already parsed 'Pcli-120_S110_L001_R1_001'
[2023-06-01 12:45:03,747] multiqc.modules.fastqc.fastqc                      [DEBUG  ]  Skipping 'Pcli-124_S115_L001_R1_001_fastqc.zip' as already parsed 'Pcli-124_S115_L001_R1_001'
[2023-06-01 12:45:03,747] multiqc.modules.fastqc.fastqc                      [DEBUG  ]  Skipping 'Pcli-126_S111_L001_R1_001_fastqc.zip' as already parsed 'Pcli-126_S111_L001_R1_001'
[2023-06-01 12:45:03,748] multiqc.modules.fastqc.fastqc                      [DEBUG  ]  Skipping 'Pcli-128_S116_L001_R1_001_fastqc.zip' as already parsed 'Pcli-128_S116_L001_R1_001'
[2023-06-01 12:45:03,748] multiqc.modules.fastqc.fastqc                      [DEBUG  ]  Skipping 'Pcli-130_S117_L001_R1_001_fastqc.zip' as already parsed 'Pcli-130_S117_L001_R1_001'
[2023-06-01 12:45:03,748] multiqc.modules.fastqc.fastqc                      [DEBUG  ]  Skipping 'Pcli-132_S118_L001_R1_001_fastqc.zip' as already parsed 'Pcli-132_S118_L001_R1_001'
[2023-06-01 12:45:03,748] multiqc.modules.fastqc.fastqc                      [DEBUG  ]  Skipping 'Pcli-135_S112_L001_R1_001_fastqc.zip' as already parsed 'Pcli-135_S112_L001_R1_001'
[2023-06-01 12:45:03,748] multiqc.modules.fastqc.fastqc                      [DEBUG  ]  Skipping 'Pcli-148_S113_L001_R1_001_fastqc.zip' as already parsed 'Pcli-148_S113_L001_R1_001'
[2023-06-01 12:45:03,749] multiqc.modules.fastqc.fastqc                      [INFO   ]  Found 96 reports
[2023-06-01 12:45:03,962] multiqc.modules.fastqc.fastqc                      [DEBUG  ]  adapter_content not found in FastQC reports
[2023-06-01 12:45:04,387] multiqc                                            [INFO   ]  Compressing plot data
[2023-06-01 12:45:05,924] multiqc                                            [INFO   ]  Report      : multiqc_report.html
[2023-06-01 12:45:05,924] multiqc                                            [INFO   ]  Data        : multiqc_data
[2023-06-01 12:45:05,924] multiqc                                            [DEBUG  ]  Moving data file from '/tmp/tmphmwileyt/multiqc_data' to '/scratch/projects/and_transcriptomics/Allyson_stresshardening_RNAseq/multiqc_data'
[2023-06-01 12:45:08,534] multiqc                                            [INFO   ]  MultiQC complete
