INFO [2023-09-26 10:05:13] $x
INFO [2023-09-26 10:05:13] pairwise
INFO [2023-09-26 10:05:13] 
INFO [2023-09-26 10:05:13] $filename
INFO [2023-09-26 10:05:13] NULL
INFO [2023-09-26 10:05:13] 
INFO [2023-09-26 10:05:13] $col
INFO [2023-09-26 10:05:13] [1] "transparent"
INFO [2023-09-26 10:05:13] 
INFO [2023-09-26 10:05:13] $fill
INFO [2023-09-26 10:05:13] c("#ca0020", "#0571b0", "#f4a582", "#92c5de")
INFO [2023-09-26 10:05:13] 
INFO [2023-09-26 10:05:13] $alpha
INFO [2023-09-26 10:05:13] [1] 0.5
INFO [2023-09-26 10:05:13] 
INFO [2023-09-26 10:05:13] $label.col
INFO [2023-09-26 10:05:13] c("red3", "white", "cornflowerblue", "black", "white", "white", 
INFO [2023-09-26 10:05:13]     "white", "black", "darkred", "black", "white", "white", "black", 
INFO [2023-09-26 10:05:13]     "darkblue", "white")
INFO [2023-09-26 10:05:13] 
INFO [2023-09-26 10:05:13] $cex
INFO [2023-09-26 10:05:13] [1] 3.5
INFO [2023-09-26 10:05:13] 
INFO [2023-09-26 10:05:13] $fontfamily
INFO [2023-09-26 10:05:13] [1] "sans"
INFO [2023-09-26 10:05:13] 
INFO [2023-09-26 10:05:13] $fontface
INFO [2023-09-26 10:05:13] [1] "bold"
INFO [2023-09-26 10:05:13] 
INFO [2023-09-26 10:05:13] $cat.default.pos
INFO [2023-09-26 10:05:13] [1] "text"
INFO [2023-09-26 10:05:13] 
INFO [2023-09-26 10:05:13] $cat.col
INFO [2023-09-26 10:05:13] c("darkred", "darkblue", "red3", "cornflowerblue")
INFO [2023-09-26 10:05:13] 
INFO [2023-09-26 10:05:13] $cat.cex
INFO [2023-09-26 10:05:13] [1] 3.5
INFO [2023-09-26 10:05:13] 
INFO [2023-09-26 10:05:13] $cat.fontfamily
INFO [2023-09-26 10:05:13] [1] "sans"
INFO [2023-09-26 10:05:13] 
INFO [2023-09-26 10:05:13] $cat.just
INFO [2023-09-26 10:05:13] list(c(0, 0.5), c(0.75, 0.5), c(0.5, 0.5), c(0.5, 0.5))
INFO [2023-09-26 10:05:13] 
